

*******************************************************************************
Thu Mar  7 18:05:53 2019


FIT:    data read from 'salidafloyd.dat'
        format = z
        #datapoints = 25
        residuals are weighted equally (unit weight)

function used for fitting: f(x)
	f(x)=a0*x*x*x+a1*x*x+a2*x+a3
fitted parameters initialized with current variable values

iter      chisq       delta/lim  lambda   a0            a1            a2            a3           
   0 1.5636145865e+19   0.00e+00  3.95e+08    1.000000e+00   1.000000e+00   1.000000e+00   1.000000e+00
  13 2.8179540503e-04  -1.87e-09  3.95e-05    1.283275e-09  -1.296674e-07   4.223707e-05  -2.330342e-03

After 13 iterations the fit converged.
final sum of squares of residuals : 0.000281795
rel. change during last iteration : -1.86603e-14

degrees of freedom    (FIT_NDF)                        : 21
rms of residuals      (FIT_STDFIT) = sqrt(WSSR/ndf)    : 0.00366317
variance of residuals (reduced chisquare) = WSSR/ndf   : 1.34188e-05

Final set of parameters            Asymptotic Standard Error
=======================            ==========================
a0              = 1.28328e-09      +/- 2.007e-11    (1.564%)
a1              = -1.29667e-07     +/- 3.965e-08    (30.58%)
a2              = 4.22371e-05      +/- 2.241e-05    (53.07%)
a3              = -0.00233034      +/- 0.003432     (147.3%)

correlation matrix of the fit parameters:
                a0     a1     a2     a3     
a0              1.000 
a1             -0.987  1.000 
a2              0.926 -0.973  1.000 
a3             -0.719  0.795 -0.898  1.000 
